<?xml version="1.0" encoding="UTF-8"?>
<!-- Generated by org.testng.reporters.JUnitReportReporter -->
<testsuite hostname="DESKTOP-205DMUP" failures="0" tests="6" name="Browser_Init.Placing_order" time="45.132" errors="0" timestamp="2025-05-09T12:40:57 IST" skipped="0">
  <testcase classname="Browser_Init.Placing_order" name="goTo" time="2.882"/>
  <testcase classname="Browser_Init.Placing_order" name="login" time="0.591"/>
  <testcase classname="Browser_Init.Placing_order" name="productList" time="3.285"/>
  <testcase classname="Browser_Init.Placing_order" name="cartPage" time="20.109"/>
  <testcase classname="Browser_Init.Placing_order" name="paymentPage" time="7.426"/>
  <testcase classname="Browser_Init.Placing_order" name="orderpageValidation" time="10.839"/>
</testsuite> <!-- Browser_Init.Placing_order -->
